2026-02-13 13:58:28,984 - INFO - Generating Heisenberg limit proof
2026-02-13 14:00:50,140 - INFO - Generating Heisenberg limit proof
2026-02-13 14:02:18,836 - INFO - Generating Heisenberg limit proof
2026-02-13 14:02:19,506 - INFO - maxp pruned
2026-02-13 14:02:19,514 - INFO - cmap pruned
2026-02-13 14:02:19,517 - INFO - kern dropped
2026-02-13 14:02:19,518 - INFO - post pruned
2026-02-13 14:02:19,518 - INFO - FFTM dropped
2026-02-13 14:02:19,520 - INFO - GPOS pruned
2026-02-13 14:02:19,523 - INFO - GSUB pruned
2026-02-13 14:02:19,533 - INFO - glyf pruned
2026-02-13 14:02:19,534 - INFO - Added gid0 to subset
2026-02-13 14:02:19,534 - INFO - Added first four glyphs to subset
2026-02-13 14:02:19,534 - INFO - Closing glyph list over 'MATH': 53 glyphs before
2026-02-13 14:02:19,534 - INFO - Glyph names: ['.notdef', '.null', 'A', 'C', 'H', 'L', 'M', 'N', 'Q', 'S', 'T', 'V', 'a', 'asciicircum', 'b', 'braceleft', 'braceright', 'c', 'd', 'e', 'eight', 'f', 'five', 'four', 'g', 'hyphen', 'i', 'l', 'm', 'minus', 'multiply', 'n', 'nonmarkingreturn', 'o', 'one', 'p', 'parenleft', 'parenright', 'period', 'r', 's', 'seven', 'six', 'slash', 'space', 't', 'three', 'two', 'u', 'v', 'y', 'z', 'zero']
2026-02-13 14:02:19,535 - INFO - Glyph IDs:   [0, 1, 2, 3, 11, 12, 16, 17, 18, 19, 20, 21, 22, 23, 24, 25, 26, 27, 36, 38, 43, 47, 48, 49, 52, 54, 55, 57, 65, 68, 69, 70, 71, 72, 73, 74, 76, 79, 80, 81, 82, 83, 85, 86, 87, 88, 89, 92, 93, 94, 96, 153, 3228]
2026-02-13 14:02:19,536 - INFO - Closed glyph list over 'MATH': 66 glyphs after
2026-02-13 14:02:19,536 - INFO - Glyph names: ['.notdef', '.null', 'A', 'C', 'H', 'L', 'M', 'N', 'Q', 'S', 'T', 'V', 'a', 'asciicircum', 'b', 'braceleft', 'braceright', 'c', 'd', 'e', 'eight', 'f', 'five', 'four', 'g', 'hyphen', 'i', 'l', 'm', 'minus', 'multiply', 'n', 'nonmarkingreturn', 'o', 'one', 'p', 'parenleft', 'parenright', 'period', 'r', 's', 'seven', 'six', 'slash', 'space', 't', 'three', 'two', 'u', 'uni239B', 'uni239C', 'uni239D', 'uni239E', 'uni239F', 'uni23A0', 'uni23A7', 'uni23A8', 'uni23A9', 'uni23AA', 'uni23AB', 'uni23AC', 'uni23AD', 'v', 'y', 'z', 'zero']
2026-02-13 14:02:19,536 - INFO - Glyph IDs:   [0, 1, 2, 3, 11, 12, 16, 17, 18, 19, 20, 21, 22, 23, 24, 25, 26, 27, 36, 38, 43, 47, 48, 49, 52, 54, 55, 57, 65, 68, 69, 70, 71, 72, 73, 74, 76, 79, 80, 81, 82, 83, 85, 86, 87, 88, 89, 92, 93, 94, 96, 153, 3228, 3506, 3507, 3508, 3509, 3510, 3511, 3518, 3519, 3520, 3521, 3522, 3523, 3524]
2026-02-13 14:02:19,536 - INFO - Closing glyph list over 'GSUB': 66 glyphs before
2026-02-13 14:02:19,536 - INFO - Glyph names: ['.notdef', '.null', 'A', 'C', 'H', 'L', 'M', 'N', 'Q', 'S', 'T', 'V', 'a', 'asciicircum', 'b', 'braceleft', 'braceright', 'c', 'd', 'e', 'eight', 'f', 'five', 'four', 'g', 'hyphen', 'i', 'l', 'm', 'minus', 'multiply', 'n', 'nonmarkingreturn', 'o', 'one', 'p', 'parenleft', 'parenright', 'period', 'r', 's', 'seven', 'six', 'slash', 'space', 't', 'three', 'two', 'u', 'uni239B', 'uni239C', 'uni239D', 'uni239E', 'uni239F', 'uni23A0', 'uni23A7', 'uni23A8', 'uni23A9', 'uni23AA', 'uni23AB', 'uni23AC', 'uni23AD', 'v', 'y', 'z', 'zero']
2026-02-13 14:02:19,536 - INFO - Glyph IDs:   [0, 1, 2, 3, 11, 12, 16, 17, 18, 19, 20, 21, 22, 23, 24, 25, 26, 27, 36, 38, 43, 47, 48, 49, 52, 54, 55, 57, 65, 68, 69, 70, 71, 72, 73, 74, 76, 79, 80, 81, 82, 83, 85, 86, 87, 88, 89, 92, 93, 94, 96, 153, 3228, 3506, 3507, 3508, 3509, 3510, 3511, 3518, 3519, 3520, 3521, 3522, 3523, 3524]
2026-02-13 14:02:19,541 - INFO - Closed glyph list over 'GSUB': 71 glyphs after
2026-02-13 14:02:19,541 - INFO - Glyph names: ['.notdef', '.null', 'A', 'C', 'H', 'L', 'M', 'N', 'Q', 'S', 'T', 'V', 'a', 'asciicircum', 'b', 'braceleft', 'braceright', 'c', 'd', 'e', 'eight', 'f', 'fi', 'five', 'fl', 'four', 'g', 'hyphen', 'i', 'l', 'm', 'minus', 'multiply', 'n', 'nonmarkingreturn', 'o', 'one', 'p', 'parenleft', 'parenright', 'period', 'r', 's', 'seven', 'six', 'slash', 'space', 't', 'three', 'two', 'u', 'uni239B', 'uni239C', 'uni239D', 'uni239E', 'uni239F', 'uni23A0', 'uni23A7', 'uni23A8', 'uni23A9', 'uni23AA', 'uni23AB', 'uni23AC', 'uni23AD', 'uniFB00', 'uniFB03', 'uniFB04', 'v', 'y', 'z', 'zero']
2026-02-13 14:02:19,541 - INFO - Glyph IDs:   [0, 1, 2, 3, 11, 12, 16, 17, 18, 19, 20, 21, 22, 23, 24, 25, 26, 27, 36, 38, 43, 47, 48, 49, 52, 54, 55, 57, 65, 68, 69, 70, 71, 72, 73, 74, 76, 79, 80, 81, 82, 83, 85, 86, 87, 88, 89, 92, 93, 94, 96, 153, 3228, 3506, 3507, 3508, 3509, 3510, 3511, 3518, 3519, 3520, 3521, 3522, 3523, 3524, 5038, 5039, 5040, 5041, 5042]
2026-02-13 14:02:19,541 - INFO - Closing glyph list over 'glyf': 71 glyphs before
2026-02-13 14:02:19,542 - INFO - Glyph names: ['.notdef', '.null', 'A', 'C', 'H', 'L', 'M', 'N', 'Q', 'S', 'T', 'V', 'a', 'asciicircum', 'b', 'braceleft', 'braceright', 'c', 'd', 'e', 'eight', 'f', 'fi', 'five', 'fl', 'four', 'g', 'hyphen', 'i', 'l', 'm', 'minus', 'multiply', 'n', 'nonmarkingreturn', 'o', 'one', 'p', 'parenleft', 'parenright', 'period', 'r', 's', 'seven', 'six', 'slash', 'space', 't', 'three', 'two', 'u', 'uni239B', 'uni239C', 'uni239D', 'uni239E', 'uni239F', 'uni23A0', 'uni23A7', 'uni23A8', 'uni23A9', 'uni23AA', 'uni23AB', 'uni23AC', 'uni23AD', 'uniFB00', 'uniFB03', 'uniFB04', 'v', 'y', 'z', 'zero']
2026-02-13 14:02:19,542 - INFO - Glyph IDs:   [0, 1, 2, 3, 11, 12, 16, 17, 18, 19, 20, 21, 22, 23, 24, 25, 26, 27, 36, 38, 43, 47, 48, 49, 52, 54, 55, 57, 65, 68, 69, 70, 71, 72, 73, 74, 76, 79, 80, 81, 82, 83, 85, 86, 87, 88, 89, 92, 93, 94, 96, 153, 3228, 3506, 3507, 3508, 3509, 3510, 3511, 3518, 3519, 3520, 3521, 3522, 3523, 3524, 5038, 5039, 5040, 5041, 5042]
2026-02-13 14:02:19,542 - INFO - Closed glyph list over 'glyf': 71 glyphs after
2026-02-13 14:02:19,542 - INFO - Glyph names: ['.notdef', '.null', 'A', 'C', 'H', 'L', 'M', 'N', 'Q', 'S', 'T', 'V', 'a', 'asciicircum', 'b', 'braceleft', 'braceright', 'c', 'd', 'e', 'eight', 'f', 'fi', 'five', 'fl', 'four', 'g', 'hyphen', 'i', 'l', 'm', 'minus', 'multiply', 'n', 'nonmarkingreturn', 'o', 'one', 'p', 'parenleft', 'parenright', 'period', 'r', 's', 'seven', 'six', 'slash', 'space', 't', 'three', 'two', 'u', 'uni239B', 'uni239C', 'uni239D', 'uni239E', 'uni239F', 'uni23A0', 'uni23A7', 'uni23A8', 'uni23A9', 'uni23AA', 'uni23AB', 'uni23AC', 'uni23AD', 'uniFB00', 'uniFB03', 'uniFB04', 'v', 'y', 'z', 'zero']
2026-02-13 14:02:19,542 - INFO - Glyph IDs:   [0, 1, 2, 3, 11, 12, 16, 17, 18, 19, 20, 21, 22, 23, 24, 25, 26, 27, 36, 38, 43, 47, 48, 49, 52, 54, 55, 57, 65, 68, 69, 70, 71, 72, 73, 74, 76, 79, 80, 81, 82, 83, 85, 86, 87, 88, 89, 92, 93, 94, 96, 153, 3228, 3506, 3507, 3508, 3509, 3510, 3511, 3518, 3519, 3520, 3521, 3522, 3523, 3524, 5038, 5039, 5040, 5041, 5042]
2026-02-13 14:02:19,542 - INFO - Retaining 71 glyphs
2026-02-13 14:02:19,543 - INFO - head subsetting not needed
2026-02-13 14:02:19,543 - INFO - hhea subsetting not needed
2026-02-13 14:02:19,543 - INFO - maxp subsetting not needed
2026-02-13 14:02:19,543 - INFO - OS/2 subsetting not needed
2026-02-13 14:02:19,546 - INFO - hmtx subsetted
2026-02-13 14:02:19,547 - INFO - cmap subsetted
2026-02-13 14:02:19,547 - INFO - fpgm subsetting not needed
2026-02-13 14:02:19,548 - INFO - prep subsetting not needed
2026-02-13 14:02:19,548 - INFO - cvt  subsetting not needed
2026-02-13 14:02:19,548 - INFO - loca subsetting not needed
2026-02-13 14:02:19,548 - INFO - post subsetted
2026-02-13 14:02:19,548 - INFO - gasp subsetting not needed
2026-02-13 14:02:19,548 - INFO - MATH subsetted
2026-02-13 14:02:19,550 - INFO - GDEF subsetted
2026-02-13 14:02:19,567 - INFO - GPOS subsetted
2026-02-13 14:02:19,569 - INFO - GSUB subsetted
2026-02-13 14:02:19,569 - INFO - name subsetting not needed
2026-02-13 14:02:19,570 - INFO - glyf subsetted
2026-02-13 14:02:19,571 - INFO - head pruned
2026-02-13 14:02:19,571 - INFO - OS/2 Unicode ranges pruned: [0, 1, 38]
2026-02-13 14:02:19,571 - INFO - OS/2 CodePage ranges pruned: [0]
2026-02-13 14:02:19,572 - INFO - glyf pruned
2026-02-13 14:02:19,572 - INFO - GDEF pruned
2026-02-13 14:02:19,572 - INFO - GPOS pruned
2026-02-13 14:02:19,572 - INFO - GSUB pruned
2026-02-13 14:02:19,579 - INFO - name pruned
2026-02-13 14:02:19,586 - INFO - maxp pruned
2026-02-13 14:02:19,590 - INFO - cmap pruned
2026-02-13 14:02:19,591 - INFO - post pruned
2026-02-13 14:02:19,591 - INFO - FFTM dropped
2026-02-13 14:02:19,592 - INFO - GPOS pruned
2026-02-13 14:02:19,592 - INFO - GSUB pruned
2026-02-13 14:02:19,595 - INFO - glyf pruned
2026-02-13 14:02:19,596 - INFO - Added gid0 to subset
2026-02-13 14:02:19,596 - INFO - Added first four glyphs to subset
2026-02-13 14:02:19,596 - INFO - Closing glyph list over 'GSUB': 72 glyphs before
2026-02-13 14:02:19,596 - INFO - Glyph names: ['.notdef', '.null', 'B', 'C', 'D', 'E', 'F', 'G', 'H', 'I', 'L', 'M', 'N', 'O', 'P', 'Q', 'R', 'S', 'T', 'V', 'W', 'a', 'asciicircum', 'b', 'c', 'colon', 'comma', 'd', 'e', 'eacute', 'equal', 'f', 'five', 'four', 'g', 'h', 'hyphen', 'i', 'k', 'l', 'm', 'multiply', 'n', 'nine', 'nonmarkingreturn', 'o', 'one', 'p', 'parenleft', 'parenright', 'period', 'pi', 'q', 'r', 'radical', 's', 'seven', 'six', 'slash', 'space', 't', 'three', 'two', 'u', 'underscore', 'uni0394', 'v', 'w', 'x', 'y', 'z', 'zero']
2026-02-13 14:02:19,597 - INFO - Glyph IDs:   [0, 1, 2, 3, 11, 12, 15, 16, 17, 18, 19, 20, 21, 22, 23, 24, 25, 26, 28, 29, 32, 37, 38, 39, 40, 41, 42, 43, 44, 47, 48, 49, 50, 51, 52, 53, 54, 55, 57, 58, 65, 66, 68, 69, 70, 71, 72, 73, 74, 75, 76, 78, 79, 80, 81, 82, 83, 84, 85, 86, 87, 88, 89, 90, 91, 92, 93, 153, 171, 733, 776, 2092]
2026-02-13 14:02:19,597 - INFO - Closed glyph list over 'GSUB': 72 glyphs after
2026-02-13 14:02:19,597 - INFO - Glyph names: ['.notdef', '.null', 'B', 'C', 'D', 'E', 'F', 'G', 'H', 'I', 'L', 'M', 'N', 'O', 'P', 'Q', 'R', 'S', 'T', 'V', 'W', 'a', 'asciicircum', 'b', 'c', 'colon', 'comma', 'd', 'e', 'eacute', 'equal', 'f', 'five', 'four', 'g', 'h', 'hyphen', 'i', 'k', 'l', 'm', 'multiply', 'n', 'nine', 'nonmarkingreturn', 'o', 'one', 'p', 'parenleft', 'parenright', 'period', 'pi', 'q', 'r', 'radical', 's', 'seven', 'six', 'slash', 'space', 't', 'three', 'two', 'u', 'underscore', 'uni0394', 'v', 'w', 'x', 'y', 'z', 'zero']
2026-02-13 14:02:19,597 - INFO - Glyph IDs:   [0, 1, 2, 3, 11, 12, 15, 16, 17, 18, 19, 20, 21, 22, 23, 24, 25, 26, 28, 29, 32, 37, 38, 39, 40, 41, 42, 43, 44, 47, 48, 49, 50, 51, 52, 53, 54, 55, 57, 58, 65, 66, 68, 69, 70, 71, 72, 73, 74, 75, 76, 78, 79, 80, 81, 82, 83, 84, 85, 86, 87, 88, 89, 90, 91, 92, 93, 153, 171, 733, 776, 2092]
2026-02-13 14:02:19,597 - INFO - Closing glyph list over 'glyf': 72 glyphs before
2026-02-13 14:02:19,598 - INFO - Glyph names: ['.notdef', '.null', 'B', 'C', 'D', 'E', 'F', 'G', 'H', 'I', 'L', 'M', 'N', 'O', 'P', 'Q', 'R', 'S', 'T', 'V', 'W', 'a', 'asciicircum', 'b', 'c', 'colon', 'comma', 'd', 'e', 'eacute', 'equal', 'f', 'five', 'four', 'g', 'h', 'hyphen', 'i', 'k', 'l', 'm', 'multiply', 'n', 'nine', 'nonmarkingreturn', 'o', 'one', 'p', 'parenleft', 'parenright', 'period', 'pi', 'q', 'r', 'radical', 's', 'seven', 'six', 'slash', 'space', 't', 'three', 'two', 'u', 'underscore', 'uni0394', 'v', 'w', 'x', 'y', 'z', 'zero']
2026-02-13 14:02:19,598 - INFO - Glyph IDs:   [0, 1, 2, 3, 11, 12, 15, 16, 17, 18, 19, 20, 21, 22, 23, 24, 25, 26, 28, 29, 32, 37, 38, 39, 40, 41, 42, 43, 44, 47, 48, 49, 50, 51, 52, 53, 54, 55, 57, 58, 65, 66, 68, 69, 70, 71, 72, 73, 74, 75, 76, 78, 79, 80, 81, 82, 83, 84, 85, 86, 87, 88, 89, 90, 91, 92, 93, 153, 171, 733, 776, 2092]
2026-02-13 14:02:19,598 - INFO - Closed glyph list over 'glyf': 73 glyphs after
2026-02-13 14:02:19,598 - INFO - Glyph names: ['.notdef', '.null', 'B', 'C', 'D', 'E', 'F', 'G', 'H', 'I', 'L', 'M', 'N', 'O', 'P', 'Q', 'R', 'S', 'T', 'V', 'W', 'a', 'acute', 'asciicircum', 'b', 'c', 'colon', 'comma', 'd', 'e', 'eacute', 'equal', 'f', 'five', 'four', 'g', 'h', 'hyphen', 'i', 'k', 'l', 'm', 'multiply', 'n', 'nine', 'nonmarkingreturn', 'o', 'one', 'p', 'parenleft', 'parenright', 'period', 'pi', 'q', 'r', 'radical', 's', 'seven', 'six', 'slash', 'space', 't', 'three', 'two', 'u', 'underscore', 'uni0394', 'v', 'w', 'x', 'y', 'z', 'zero']
2026-02-13 14:02:19,598 - INFO - Glyph IDs:   [0, 1, 2, 3, 11, 12, 15, 16, 17, 18, 19, 20, 21, 22, 23, 24, 25, 26, 28, 29, 32, 37, 38, 39, 40, 41, 42, 43, 44, 47, 48, 49, 50, 51, 52, 53, 54, 55, 57, 58, 65, 66, 68, 69, 70, 71, 72, 73, 74, 75, 76, 78, 79, 80, 81, 82, 83, 84, 85, 86, 87, 88, 89, 90, 91, 92, 93, 118, 153, 171, 733, 776, 2092]
2026-02-13 14:02:19,598 - INFO - Retaining 73 glyphs
2026-02-13 14:02:19,598 - INFO - head subsetting not needed
2026-02-13 14:02:19,598 - INFO - hhea subsetting not needed
2026-02-13 14:02:19,599 - INFO - maxp subsetting not needed
2026-02-13 14:02:19,599 - INFO - OS/2 subsetting not needed
2026-02-13 14:02:19,599 - INFO - hmtx subsetted
2026-02-13 14:02:19,600 - INFO - cmap subsetted
2026-02-13 14:02:19,600 - INFO - fpgm subsetting not needed
2026-02-13 14:02:19,600 - INFO - prep subsetting not needed
2026-02-13 14:02:19,600 - INFO - cvt  subsetting not needed
2026-02-13 14:02:19,601 - INFO - loca subsetting not needed
2026-02-13 14:02:19,601 - INFO - post subsetted
2026-02-13 14:02:19,601 - INFO - gasp subsetting not needed
2026-02-13 14:02:19,602 - INFO - GDEF subsetted
2026-02-13 14:02:19,608 - INFO - GPOS subsetted
2026-02-13 14:02:19,608 - INFO - GSUB subsetted
2026-02-13 14:02:19,608 - INFO - name subsetting not needed
2026-02-13 14:02:19,609 - INFO - glyf subsetted
2026-02-13 14:02:19,609 - INFO - head pruned
2026-02-13 14:02:19,609 - INFO - OS/2 Unicode ranges pruned: [0, 1, 7, 38]
2026-02-13 14:02:19,609 - INFO - OS/2 CodePage ranges pruned: [0]
2026-02-13 14:02:19,610 - INFO - glyf pruned
2026-02-13 14:02:19,610 - INFO - GDEF pruned
2026-02-13 14:02:19,610 - INFO - GPOS pruned
2026-02-13 14:02:19,610 - INFO - GSUB pruned
2026-02-13 14:02:19,611 - INFO - name pruned
2026-02-13 14:02:19,615 - INFO - Heisenberg limit proof saved to results/quantum_limits/heisenberg_limit_proof.pdf
2026-02-13 14:02:19,615 - INFO - Proof generation complete
